<?xml version="1.0" encoding="UTF-8"?>
<testng-results skipped="0" failed="0" total="1" passed="1">
  <reporter-output>
  </reporter-output>
  <suite name="Default suite" duration-ms="51734" started-at="2017-06-09T10:55:32Z" finished-at="2017-06-09T10:56:24Z">
    <groups>
    </groups>
    <test name="Default test" duration-ms="51734" started-at="2017-06-09T10:55:32Z" finished-at="2017-06-09T10:56:24Z">
      <class name="com.vaadin.demo.dashboard.selenium.EditUserProfileTest">
        <test-method status="PASS" signature="setUp()" name="setUp" is-config="true" duration-ms="3373" started-at="2017-06-09T10:55:32Z" finished-at="2017-06-09T10:55:36Z">
        </test-method>
        <test-method status="PASS" signature="openLoginPage()" name="openLoginPage" is-config="true" duration-ms="1038" started-at="2017-06-09T10:55:36Z" finished-at="2017-06-09T10:55:37Z">
        </test-method>
        <test-method status="PASS" signature="loginTest()" name="loginTest" duration-ms="47175" started-at="2017-06-09T10:55:37Z" finished-at="2017-06-09T10:56:24Z">
        </test-method>
        <test-method status="PASS" signature="tearDown()" name="tearDown" is-config="true" duration-ms="121" started-at="2017-06-09T10:56:24Z" finished-at="2017-06-09T10:56:24Z">
        </test-method>
      </class>
    </test>
  </suite>
</testng-results>
